[    16.628] (--) Log file renamed from "/home/danila/.local/share/xorg/Xorg.pid-890.log" to "/home/danila/.local/share/xorg/Xorg.0.log"
[    16.675] 
X.Org X Server 1.20.8
X Protocol Version 11, Revision 0
[    16.675] Build Operating System: Linux 4.15.0-124-generic x86_64 Ubuntu
[    16.675] Current Operating System: Linux SExpopa 5.4.0-58-generic #64~18.04.1-Ubuntu SMP Wed Dec 9 17:11:11 UTC 2020 x86_64
[    16.675] Kernel command line: BOOT_IMAGE=/boot/vmlinuz-5.4.0-58-generic root=UUID=ea0a6672-9820-4525-8102-8bfb9dd6c001 ro quiet splash
[    16.675] Build Date: 30 November 2020  05:59:23PM
[    16.675] xorg-server-hwe-18.04 2:1.20.8-2ubuntu2.2~18.04.4 (For technical support please see http://www.ubuntu.com/support) 
[    16.675] Current version of pixman: 0.34.0
[    16.675] 	Before reporting problems, check http://wiki.x.org
	to make sure that you have the latest version.
[    16.675] Markers: (--) probed, (**) from config file, (==) default setting,
	(++) from command line, (!!) notice, (II) informational,
	(WW) warning, (EE) error, (NI) not implemented, (??) unknown.
[    16.675] (==) Log file: "/home/danila/.local/share/xorg/Xorg.0.log", Time: Wed Feb 17 09:52:00 2021
[    16.734] (==) Using system config directory "/usr/share/X11/xorg.conf.d"
[    16.821] (==) No Layout section.  Using the first Screen section.
[    16.821] (==) No screen section available. Using defaults.
[    16.821] (**) |-->Screen "Default Screen Section" (0)
[    16.821] (**) |   |-->Monitor "<default monitor>"
[    16.825] (==) No monitor specified for screen "Default Screen Section".
	Using a default monitor configuration.
[    16.826] (==) Automatically adding devices
[    16.827] (==) Automatically enabling devices
[    16.828] (==) Automatically adding GPU devices
[    16.828] (==) Automatically binding GPU devices
[    16.828] (==) Max clients allowed: 256, resource mask: 0x1fffff
[    16.836] (WW) The directory "/usr/share/fonts/X11/cyrillic" does not exist.
[    16.837] 	Entry deleted from font path.
[    16.837] (WW) The directory "/usr/share/fonts/X11/100dpi/" does not exist.
[    16.837] 	Entry deleted from font path.
[    16.837] (WW) The directory "/usr/share/fonts/X11/75dpi/" does not exist.
[    16.837] 	Entry deleted from font path.
[    16.839] (WW) The directory "/usr/share/fonts/X11/100dpi" does not exist.
[    16.839] 	Entry deleted from font path.
[    16.839] (WW) The directory "/usr/share/fonts/X11/75dpi" does not exist.
[    16.839] 	Entry deleted from font path.
[    16.839] (==) FontPath set to:
	/usr/share/fonts/X11/misc,
	/usr/share/fonts/X11/Type1,
	built-ins
[    16.839] (==) ModulePath set to "/usr/lib/xorg/modules"
[    16.839] (II) The server relies on udev to provide the list of input devices.
	If no devices become available, reconfigure udev or disable AutoAddDevices.
[    16.839] (II) Loader magic: 0x5598f917b020
[    16.839] (II) Module ABI versions:
[    16.839] 	X.Org ANSI C Emulation: 0.4
[    16.839] 	X.Org Video Driver: 24.1
[    16.839] 	X.Org XInput driver : 24.1
[    16.839] 	X.Org Server Extension : 10.0
[    16.846] (++) using VT number 1

[    16.880] (II) systemd-logind: took control of session /org/freedesktop/login1/session/_31
[    16.881] (II) xfree86: Adding drm device (/dev/dri/card0)
[    16.883] (II) systemd-logind: got fd for /dev/dri/card0 226:0 fd 12 paused 0
[    16.887] (--) PCI:*(0@0:2:0) 15ad:0405:15ad:0405 rev 0, Mem @ 0xe0000000/16777216, 0xf0000000/2097152, I/O @ 0x0000d010/16, BIOS @ 0x????????/131072
[    16.887] (II) LoadModule: "glx"
[    16.906] (II) Loading /usr/lib/xorg/modules/extensions/libglx.so
[    17.081] (II) Module glx: vendor="X.Org Foundation"
[    17.081] 	compiled for 1.20.8, module version = 1.0.0
[    17.081] 	ABI class: X.Org Server Extension, version 10.0
[    17.082] (==) Matched vmware as autoconfigured driver 0
[    17.082] (==) Matched modesetting as autoconfigured driver 1
[    17.082] (==) Matched fbdev as autoconfigured driver 2
[    17.082] (==) Matched vesa as autoconfigured driver 3
[    17.082] (==) Assigned the driver to the xf86ConfigLayout
[    17.082] (II) LoadModule: "vmware"
[    17.084] (II) Loading /usr/lib/xorg/modules/drivers/vmware_drv.so
[    17.784] (II) Module vmware: vendor="X.Org Foundation"
[    17.784] 	compiled for 1.20.1, module version = 13.3.0
[    17.784] 	Module class: X.Org Video Driver
[    17.784] 	ABI class: X.Org Video Driver, version 24.0
[    17.784] (II) LoadModule: "modesetting"
[    17.784] (II) Loading /usr/lib/xorg/modules/drivers/modesetting_drv.so
[    17.790] (II) Module modesetting: vendor="X.Org Foundation"
[    17.790] 	compiled for 1.20.8, module version = 1.20.8
[    17.790] 	Module class: X.Org Video Driver
[    17.790] 	ABI class: X.Org Video Driver, version 24.1
[    17.790] (II) LoadModule: "fbdev"
[    17.790] (II) Loading /usr/lib/xorg/modules/drivers/fbdev_drv.so
[    17.795] (II) Module fbdev: vendor="X.Org Foundation"
[    17.795] 	compiled for 1.20.1, module version = 0.5.0
[    17.795] 	Module class: X.Org Video Driver
[    17.795] 	ABI class: X.Org Video Driver, version 24.0
[    17.795] (II) LoadModule: "vesa"
[    17.795] (II) Loading /usr/lib/xorg/modules/drivers/vesa_drv.so
[    17.795] (II) Module vesa: vendor="X.Org Foundation"
[    17.795] 	compiled for 1.20.1, module version = 2.4.0
[    17.795] 	Module class: X.Org Video Driver
[    17.795] 	ABI class: X.Org Video Driver, version 24.0
[    17.795] (II) vmware: driver for VMware SVGA: vmware0405, vmware0710
[    17.795] (II) modesetting: Driver for Modesetting Kernel Drivers: kms
[    17.795] (II) FBDEV: driver for framebuffer: fbdev
[    17.795] (II) VESA: driver for VESA chipsets: vesa
[    17.795] xf86EnableIOPorts: failed to set IOPL for I/O (Operation not permitted)
[    17.795] (WW) Falling back to old probe method for modesetting
[    17.796] (WW) Falling back to old probe method for fbdev
[    17.796] (II) Loading sub module "fbdevhw"
[    17.796] (II) LoadModule: "fbdevhw"
[    17.796] (II) Loading /usr/lib/xorg/modules/libfbdevhw.so
[    17.804] (II) Module fbdevhw: vendor="X.Org Foundation"
[    17.804] 	compiled for 1.20.8, module version = 0.0.2
[    17.804] 	ABI class: X.Org Video Driver, version 24.1
[    17.804] (EE) open /dev/fb0: Permission denied
[    17.804] (WW) VGA arbiter: cannot open kernel arbiter, no multi-card support
[    17.804] (II) vmware(0): Creating default Display subsection in Screen section
	"Default Screen Section" for depth/fbbpp 24/32
[    17.804] (--) vmware(0): DRM driver version is 2.15.0
[    17.804] (==) vmware(0): Depth 24, (--) framebuffer bpp 32
[    17.804] (==) vmware(0): RGB weight 888
[    17.804] (==) vmware(0): Default visual is TrueColor
[    17.804] (--) vmware(0): Min width 1, Max Width 8192.
[    17.804] (--) vmware(0): Min height 1, Max Height 8192.
[    17.804] (II) vmware(0): Output Virtual1 has no monitor section
[    17.804] (II) vmware(0): Output Virtual2 has no monitor section
[    17.804] (II) vmware(0): Output Virtual3 has no monitor section
[    17.804] (II) vmware(0): Output Virtual4 has no monitor section
[    17.804] (II) vmware(0): Output Virtual5 has no monitor section
[    17.804] (II) vmware(0): Output Virtual6 has no monitor section
[    17.804] (II) vmware(0): Output Virtual7 has no monitor section
[    17.804] (II) vmware(0): Output Virtual8 has no monitor section
[    17.804] (II) vmware(0): Printing probed modes for output Virtual1
[    17.804] (II) vmware(0): Modeline "800x600"x60.0   42.75  800 850 900 950  600 650 700 750 -hsync +vsync (45.0 kHz eP)
[    17.804] (II) vmware(0): Modeline "2560x1600"x60.0  348.50  2560 2752 3032 3504  1600 1603 1609 1658 -hsync +vsync (99.5 kHz e)
[    17.804] (II) vmware(0): Modeline "1920x1440"x60.0  234.00  1920 2048 2256 2600  1440 1441 1444 1500 -hsync +vsync (90.0 kHz e)
[    17.804] (II) vmware(0): Modeline "1856x1392"x60.0  218.25  1856 1952 2176 2528  1392 1393 1396 1439 -hsync +vsync (86.3 kHz e)
[    17.804] (II) vmware(0): Modeline "1792x1344"x60.0  204.75  1792 1920 2120 2448  1344 1345 1348 1394 -hsync +vsync (83.6 kHz e)
[    17.804] (II) vmware(0): Modeline "1920x1200"x59.9  193.25  1920 2056 2256 2592  1200 1203 1209 1245 -hsync +vsync (74.6 kHz e)
[    17.804] (II) vmware(0): Modeline "1600x1200"x60.0  162.00  1600 1664 1856 2160  1200 1201 1204 1250 +hsync +vsync (75.0 kHz e)
[    17.804] (II) vmware(0): Modeline "1680x1050"x60.0  146.25  1680 1784 1960 2240  1050 1053 1059 1089 -hsync +vsync (65.3 kHz e)
[    17.804] (II) vmware(0): Modeline "1400x1050"x60.0  121.75  1400 1488 1632 1864  1050 1053 1057 1089 -hsync +vsync (65.3 kHz e)
[    17.804] (II) vmware(0): Modeline "1280x1024"x60.0  108.00  1280 1328 1440 1688  1024 1025 1028 1066 +hsync +vsync (64.0 kHz e)
[    17.804] (II) vmware(0): Modeline "1440x900"x59.9  106.50  1440 1520 1672 1904  900 903 909 934 -hsync +vsync (55.9 kHz e)
[    17.804] (II) vmware(0): Modeline "1280x960"x60.0  108.00  1280 1376 1488 1800  960 961 964 1000 +hsync +vsync (60.0 kHz e)
[    17.804] (II) vmware(0): Modeline "1360x768"x60.0   85.50  1360 1424 1536 1792  768 771 777 795 +hsync +vsync (47.7 kHz e)
[    17.804] (II) vmware(0): Modeline "1280x800"x59.8   83.50  1280 1352 1480 1680  800 803 809 831 +hsync -vsync (49.7 kHz e)
[    17.804] (II) vmware(0): Modeline "1152x864"x75.0  108.00  1152 1216 1344 1600  864 865 868 900 +hsync +vsync (67.5 kHz e)
[    17.804] (II) vmware(0): Modeline "1280x768"x59.9   79.50  1280 1344 1472 1664  768 771 778 798 -hsync +vsync (47.8 kHz e)
[    17.804] (II) vmware(0): Modeline "1024x768"x60.0   65.00  1024 1048 1184 1344  768 771 777 806 -hsync -vsync (48.4 kHz e)
[    17.804] (II) vmware(0): Modeline "800x600"x60.3   40.00  800 840 968 1056  600 601 605 628 +hsync +vsync (37.9 kHz e)
[    17.804] (II) vmware(0): Modeline "640x480"x59.9   25.18  640 656 752 800  480 489 492 525 -hsync -vsync (31.5 kHz e)
[    17.804] (II) vmware(0): EDID for output Virtual2
[    17.804] (II) vmware(0): EDID for output Virtual3
[    17.804] (II) vmware(0): EDID for output Virtual4
[    17.804] (II) vmware(0): EDID for output Virtual5
[    17.804] (II) vmware(0): EDID for output Virtual6
[    17.804] (II) vmware(0): EDID for output Virtual7
[    17.805] (II) vmware(0): EDID for output Virtual8
[    17.805] (II) vmware(0): Output Virtual1 connected
[    17.805] (II) vmware(0): Output Virtual2 disconnected
[    17.805] (II) vmware(0): Output Virtual3 disconnected
[    17.805] (II) vmware(0): Output Virtual4 disconnected
[    17.805] (II) vmware(0): Output Virtual5 disconnected
[    17.805] (II) vmware(0): Output Virtual6 disconnected
[    17.805] (II) vmware(0): Output Virtual7 disconnected
[    17.805] (II) vmware(0): Output Virtual8 disconnected
[    17.805] (II) vmware(0): Using exact sizes for initial modes
[    17.805] (II) vmware(0): Output Virtual1 using initial mode 800x600 +0+0
[    17.805] (==) vmware(0): DPI set to (96, 96)
[    17.805] (==) vmware(0): Using gamma correction (1.0, 1.0, 1.0)
[    17.805] (II) Loading sub module "fb"
[    17.805] (II) LoadModule: "fb"
[    17.805] (II) Loading /usr/lib/xorg/modules/libfb.so
[    17.821] (II) Module fb: vendor="X.Org Foundation"
[    17.821] 	compiled for 1.20.8, module version = 1.0.0
[    17.821] 	ABI class: X.Org ANSI C Emulation, version 0.4
[    17.821] (II) Loading sub module "dri2"
[    17.821] (II) LoadModule: "dri2"
[    17.821] (II) Module "dri2" already built-in
[    17.821] (II) Loading sub module "dri3"
[    17.821] (II) LoadModule: "dri3"
[    17.821] (II) Module "dri3" already built-in
[    17.821] (II) UnloadModule: "modesetting"
[    17.821] (II) Unloading modesetting
[    17.821] (II) UnloadModule: "fbdev"
[    17.821] (II) Unloading fbdev
[    17.821] (II) UnloadSubModule: "fbdevhw"
[    17.821] (II) Unloading fbdevhw
[    17.821] (II) UnloadModule: "vesa"
[    17.821] (II) Unloading vesa
[    17.830] (II) vmware(0): Initialized VMWARE_CTRL extension version 0.2
[    17.852] (WW) vmware(0): Failed to initialize Gallium3D Xa. No render acceleration available.
[    17.852] (WW) vmware(0): Skipped initialization of direct rendering due to lack of render acceleration.
[    17.852] (--) vmware(0): Render acceleration is disabled.
[    17.852] (==) vmware(0): Rendercheck mode is disabled.
[    17.852] (--) vmware(0): Direct rendering (DRI2 3D) is disabled.
[    17.852] (--) vmware(0): Direct rendering (DRI3 3D) is disabled.
[    17.852] (==) vmware(0): Backing store enabled
[    17.852] (==) vmware(0): Silken mouse enabled
[    17.853] (==) vmware(0): DPMS enabled
[    17.853] (II) vmware(0): No 3D acceleration. Not setting up textured video.
[    17.853] (WW) vmware(0): Disabling Xv because no adaptors could be initialized.
[    17.853] (II) Initializing extension Generic Event Extension
[    17.854] (II) Initializing extension SHAPE
[    17.854] (II) Initializing extension MIT-SHM
[    17.854] (II) Initializing extension XInputExtension
[    17.854] (II) Initializing extension XTEST
[    17.855] (II) Initializing extension BIG-REQUESTS
[    17.855] (II) Initializing extension SYNC
[    17.855] (II) Initializing extension XKEYBOARD
[    17.855] (II) Initializing extension XC-MISC
[    17.855] (II) Initializing extension SECURITY
[    17.855] (II) Initializing extension XFIXES
[    17.855] (II) Initializing extension RENDER
[    17.856] (II) Initializing extension RANDR
[    17.856] (II) Initializing extension COMPOSITE
[    17.856] (II) Initializing extension DAMAGE
[    17.856] (II) Initializing extension MIT-SCREEN-SAVER
[    17.856] (II) Initializing extension DOUBLE-BUFFER
[    17.856] (II) Initializing extension RECORD
[    17.857] (II) Initializing extension DPMS
[    17.858] (II) Initializing extension Present
[    17.859] (II) Initializing extension DRI3
[    17.859] (II) Initializing extension X-Resource
[    17.861] (II) Initializing extension XVideo
[    17.861] (II) Initializing extension XVideo-MotionCompensation
[    17.861] (II) Initializing extension SELinux
[    17.862] (II) SELinux: Disabled on system
[    17.862] (II) Initializing extension GLX
[    17.862] (II) AIGLX: Screen 0 is not DRI2 capable
[    18.196] (II) IGLX: Loaded and initialized swrast
[    18.196] (II) GLX: Initialized DRISWRAST GL provider for screen 0
[    18.196] (II) Initializing extension XFree86-VidModeExtension
[    18.196] (II) Initializing extension XFree86-DGA
[    18.196] (II) Initializing extension XFree86-DRI
[    18.196] (II) Initializing extension DRI2
[    18.199] (II) vmware(0): Setting screen physical size to 211 x 158
[    18.454] (II) config/udev: Adding input device Power Button (/dev/input/event0)
[    18.455] (**) Power Button: Applying InputClass "libinput keyboard catchall"
[    18.455] (II) LoadModule: "libinput"
[    18.455] (II) Loading /usr/lib/xorg/modules/input/libinput_drv.so
[    18.485] (II) Module libinput: vendor="X.Org Foundation"
[    18.485] 	compiled for 1.20.1, module version = 0.28.1
[    18.485] 	Module class: X.Org XInput Driver
[    18.485] 	ABI class: X.Org XInput driver, version 24.1
[    18.485] (II) Using input driver 'libinput' for 'Power Button'
[    18.489] (II) systemd-logind: got fd for /dev/input/event0 13:64 fd 20 paused 0
[    18.489] (**) Power Button: always reports core events
[    18.489] (**) Option "Device" "/dev/input/event0"
[    18.489] (**) Option "_source" "server/udev"
[    18.492] (II) event0  - Power Button: is tagged by udev as: Keyboard
[    18.492] (II) event0  - Power Button: device is a keyboard
[    18.492] (II) event0  - Power Button: device removed
[    18.492] (**) Option "config_info" "udev:/sys/devices/LNXSYSTM:00/LNXPWRBN:00/input/input0/event0"
[    18.492] (II) XINPUT: Adding extended input device "Power Button" (type: KEYBOARD, id 6)
[    18.492] (**) Option "xkb_model" "pc105"
[    18.492] (**) Option "xkb_layout" "us,ru"
[    18.492] (**) Option "xkb_variant" ","
[    18.493] (**) Option "xkb_options" "grp_led:scroll"
[    18.560] (II) event0  - Power Button: is tagged by udev as: Keyboard
[    18.561] (II) event0  - Power Button: device is a keyboard
[    18.563] (II) config/udev: Adding input device Sleep Button (/dev/input/event1)
[    18.563] (**) Sleep Button: Applying InputClass "libinput keyboard catchall"
[    18.563] (II) Using input driver 'libinput' for 'Sleep Button'
[    18.569] (II) systemd-logind: got fd for /dev/input/event1 13:65 fd 23 paused 0
[    18.570] (**) Sleep Button: always reports core events
[    18.570] (**) Option "Device" "/dev/input/event1"
[    18.570] (**) Option "_source" "server/udev"
[    18.572] (II) event1  - Sleep Button: is tagged by udev as: Keyboard
[    18.572] (II) event1  - Sleep Button: device is a keyboard
[    18.572] (II) event1  - Sleep Button: device removed
[    18.572] (**) Option "config_info" "udev:/sys/devices/LNXSYSTM:00/LNXSLPBN:00/input/input1/event1"
[    18.573] (II) XINPUT: Adding extended input device "Sleep Button" (type: KEYBOARD, id 7)
[    18.573] (**) Option "xkb_model" "pc105"
[    18.573] (**) Option "xkb_layout" "us,ru"
[    18.574] (**) Option "xkb_variant" ","
[    18.574] (**) Option "xkb_options" "grp_led:scroll"
[    18.576] (II) event1  - Sleep Button: is tagged by udev as: Keyboard
[    18.576] (II) event1  - Sleep Button: device is a keyboard
[    18.578] (II) config/udev: Adding input device Video Bus (/dev/input/event3)
[    18.578] (**) Video Bus: Applying InputClass "libinput keyboard catchall"
[    18.578] (II) Using input driver 'libinput' for 'Video Bus'
[    18.583] (II) systemd-logind: got fd for /dev/input/event3 13:67 fd 24 paused 0
[    18.583] (**) Video Bus: always reports core events
[    18.583] (**) Option "Device" "/dev/input/event3"
[    18.583] (**) Option "_source" "server/udev"
[    18.584] (II) event3  - Video Bus: is tagged by udev as: Keyboard
[    18.584] (II) event3  - Video Bus: device is a keyboard
[    18.584] (II) event3  - Video Bus: device removed
[    18.584] (**) Option "config_info" "udev:/sys/devices/LNXSYSTM:00/LNXSYBUS:00/PNP0A03:00/LNXVIDEO:00/input/input4/event3"
[    18.584] (II) XINPUT: Adding extended input device "Video Bus" (type: KEYBOARD, id 8)
[    18.584] (**) Option "xkb_model" "pc105"
[    18.584] (**) Option "xkb_layout" "us,ru"
[    18.584] (**) Option "xkb_variant" ","
[    18.584] (**) Option "xkb_options" "grp_led:scroll"
[    18.585] (II) event3  - Video Bus: is tagged by udev as: Keyboard
[    18.585] (II) event3  - Video Bus: device is a keyboard
[    18.586] (II) config/udev: Adding input device VirtualBox mouse integration (/dev/input/event6)
[    18.586] (**) VirtualBox mouse integration: Applying InputClass "libinput pointer catchall"
[    18.586] (II) Using input driver 'libinput' for 'VirtualBox mouse integration'
[    18.588] (II) systemd-logind: got fd for /dev/input/event6 13:70 fd 25 paused 0
[    18.588] (**) VirtualBox mouse integration: always reports core events
[    18.588] (**) Option "Device" "/dev/input/event6"
[    18.588] (**) Option "_source" "server/udev"
[    18.588] (II) event6  - VirtualBox mouse integration: is tagged by udev as: Mouse
[    18.589] (II) event6  - VirtualBox mouse integration: device is a pointer
[    18.589] (II) event6  - VirtualBox mouse integration: device removed
[    18.589] (**) Option "config_info" "udev:/sys/devices/pci0000:00/0000:00:04.0/input/input7/event6"
[    18.589] (II) XINPUT: Adding extended input device "VirtualBox mouse integration" (type: MOUSE, id 9)
[    18.589] (**) Option "AccelerationScheme" "none"
[    18.589] (**) VirtualBox mouse integration: (accel) selected scheme none/0
[    18.589] (**) VirtualBox mouse integration: (accel) acceleration factor: 2.000
[    18.589] (**) VirtualBox mouse integration: (accel) acceleration threshold: 4
[    18.590] (II) event6  - VirtualBox mouse integration: is tagged by udev as: Mouse
[    18.590] (II) event6  - VirtualBox mouse integration: device is a pointer
[    18.590] (II) config/udev: Adding input device VirtualBox mouse integration (/dev/input/js1)
[    18.590] (II) No input driver specified, ignoring this device.
[    18.590] (II) This device may have been added with another device file.
[    18.591] (II) config/udev: Adding input device VirtualBox USB Tablet (/dev/input/event5)
[    18.591] (**) VirtualBox USB Tablet: Applying InputClass "libinput pointer catchall"
[    18.591] (II) Using input driver 'libinput' for 'VirtualBox USB Tablet'
[    18.657] (II) systemd-logind: got fd for /dev/input/event5 13:69 fd 26 paused 0
[    18.657] (**) VirtualBox USB Tablet: always reports core events
[    18.657] (**) Option "Device" "/dev/input/event5"
[    18.658] (**) Option "_source" "server/udev"
[    18.661] (II) event5  - VirtualBox USB Tablet: is tagged by udev as: Mouse
[    18.661] (II) event5  - VirtualBox USB Tablet: device is a pointer
[    18.662] (II) event5  - VirtualBox USB Tablet: device removed
[    18.662] (**) Option "config_info" "udev:/sys/devices/pci0000:00/0000:00:06.0/usb1/1-1/1-1:1.0/0003:80EE:0021.0001/input/input6/event5"
[    18.663] (II) XINPUT: Adding extended input device "VirtualBox USB Tablet" (type: MOUSE, id 10)
[    18.664] (**) Option "AccelerationScheme" "none"
[    18.665] (**) VirtualBox USB Tablet: (accel) selected scheme none/0
[    18.665] (**) VirtualBox USB Tablet: (accel) acceleration factor: 2.000
[    18.665] (**) VirtualBox USB Tablet: (accel) acceleration threshold: 4
[    18.668] (II) event5  - VirtualBox USB Tablet: is tagged by udev as: Mouse
[    18.668] (II) event5  - VirtualBox USB Tablet: device is a pointer
[    18.671] (II) config/udev: Adding input device VirtualBox USB Tablet (/dev/input/js0)
[    18.672] (II) No input driver specified, ignoring this device.
[    18.672] (II) This device may have been added with another device file.
[    18.675] (II) config/udev: Adding input device VirtualBox USB Tablet (/dev/input/mouse1)
[    18.675] (II) No input driver specified, ignoring this device.
[    18.676] (II) This device may have been added with another device file.
[    18.678] (II) config/udev: Adding input device AT Translated Set 2 keyboard (/dev/input/event2)
[    18.679] (**) AT Translated Set 2 keyboard: Applying InputClass "libinput keyboard catchall"
[    18.679] (II) Using input driver 'libinput' for 'AT Translated Set 2 keyboard'
[    18.693] (II) systemd-logind: got fd for /dev/input/event2 13:66 fd 27 paused 0
[    18.695] (**) AT Translated Set 2 keyboard: always reports core events
[    18.695] (**) Option "Device" "/dev/input/event2"
[    18.696] (**) Option "_source" "server/udev"
[    18.701] (II) event2  - AT Translated Set 2 keyboard: is tagged by udev as: Keyboard
[    18.701] (II) event2  - AT Translated Set 2 keyboard: device is a keyboard
[    18.702] (II) event2  - AT Translated Set 2 keyboard: device removed
[    18.702] (**) Option "config_info" "udev:/sys/devices/platform/i8042/serio0/input/input2/event2"
[    18.703] (II) XINPUT: Adding extended input device "AT Translated Set 2 keyboard" (type: KEYBOARD, id 11)
[    18.703] (**) Option "xkb_model" "pc105"
[    18.704] (**) Option "xkb_layout" "us,ru"
[    18.704] (**) Option "xkb_variant" ","
[    18.705] (**) Option "xkb_options" "grp_led:scroll"
[    18.711] (II) event2  - AT Translated Set 2 keyboard: is tagged by udev as: Keyboard
[    18.711] (II) event2  - AT Translated Set 2 keyboard: device is a keyboard
[    18.716] (II) config/udev: Adding input device ImExPS/2 Generic Explorer Mouse (/dev/input/event4)
[    18.716] (**) ImExPS/2 Generic Explorer Mouse: Applying InputClass "libinput pointer catchall"
[    18.717] (II) Using input driver 'libinput' for 'ImExPS/2 Generic Explorer Mouse'
[    18.727] (II) systemd-logind: got fd for /dev/input/event4 13:68 fd 28 paused 0
[    18.728] (**) ImExPS/2 Generic Explorer Mouse: always reports core events
[    18.728] (**) Option "Device" "/dev/input/event4"
[    18.729] (**) Option "_source" "server/udev"
[    18.734] (II) event4  - ImExPS/2 Generic Explorer Mouse: is tagged by udev as: Mouse
[    18.734] (II) event4  - ImExPS/2 Generic Explorer Mouse: device is a pointer
[    18.734] (II) event4  - ImExPS/2 Generic Explorer Mouse: device removed
[    18.735] (**) Option "config_info" "udev:/sys/devices/platform/i8042/serio1/input/input5/event4"
[    18.735] (II) XINPUT: Adding extended input device "ImExPS/2 Generic Explorer Mouse" (type: MOUSE, id 12)
[    18.735] (**) Option "AccelerationScheme" "none"
[    18.736] (**) ImExPS/2 Generic Explorer Mouse: (accel) selected scheme none/0
[    18.736] (**) ImExPS/2 Generic Explorer Mouse: (accel) acceleration factor: 2.000
[    18.736] (**) ImExPS/2 Generic Explorer Mouse: (accel) acceleration threshold: 4
[    18.737] (II) event4  - ImExPS/2 Generic Explorer Mouse: is tagged by udev as: Mouse
[    18.737] (II) event4  - ImExPS/2 Generic Explorer Mouse: device is a pointer
[    18.739] (II) config/udev: Adding input device ImExPS/2 Generic Explorer Mouse (/dev/input/mouse0)
[    18.739] (II) No input driver specified, ignoring this device.
[    18.740] (II) This device may have been added with another device file.
[   134.315] (!!) vmware(0): New layout.
[   134.327] (!!) vmware(0): 0: 0 0 800 600
[   134.327] (!!) vmware(0): 
[   641.374] (II) event6  - VirtualBox mouse integration: SYN_DROPPED event - some input events have been lost.
